<?xml version="1.0" encoding="UTF-8"?>
<!-- Generated by org.testng.reporters.JUnitReportReporter -->
<testsuite skipped="0" hostname="Anndy-PC" name="cn.Hadoop.APPAutoTestFramework.Case.loginTestCase" tests="1" failures="0" timestamp="28 三月 2019 07:29:16 GMT" time="17.482" errors="0">
  <testcase name="loginCase" time="17.482" classname="cn.Hadoop.APPAutoTestFramework.Case.loginTestCase"/>
</testsuite> <!-- cn.Hadoop.APPAutoTestFramework.Case.loginTestCase -->
